<?xml version="1.0" encoding="UTF-8"?>
<testng-results skipped="0" failed="0" ignored="0" total="1" passed="1">
  <reporter-output>
  </reporter-output>
  <suite name="Default suite" duration-ms="53" started-at="2020-04-15T01:14:57 IST" finished-at="2020-04-15T01:14:57 IST">
    <groups>
    </groups>
    <test name="Default test" duration-ms="53" started-at="2020-04-15T01:14:57 IST" finished-at="2020-04-15T01:14:57 IST">
      <class name="com.myTest.MyFirstCase">
        <test-method status="PASS" signature="f()[pri:0, instance:com.myTest.MyFirstCase@67b92f0a]" name="f" duration-ms="10" started-at="2020-04-15T01:14:57 IST" finished-at="2020-04-15T01:14:57 IST">
          <reporter-output>
          </reporter-output>
        </test-method> <!-- f -->
      </class> <!-- com.myTest.MyFirstCase -->
    </test> <!-- Default test -->
  </suite> <!-- Default suite -->
</testng-results>
